# JRE version: OpenJDK Runtime Environment (8.0_152-b06) (build 1.8.0_152-release-1136-b06)
# Java VM: OpenJDK 64-Bit Server VM (25.152-b06 mixed mode windows-amd64 compressed oops)
Heap:
 PSYoungGen      total 580096K, used 414127K [0x00000000d5e00000, 0x00000000ff000000, 0x0000000100000000)
  eden space 493056K, 78% used [0x00000000d5e00000,0x00000000eda06f48,0x00000000f3f80000)
  from space 87040K, 28% used [0x00000000f3f80000,0x00000000f57e5060,0x00000000f9480000)
  to   space 80896K, 0% used [0x00000000fa100000,0x00000000fa100000,0x00000000ff000000)
 ParOldGen       total 1328640K, used 1115876K [0x0000000081a00000, 0x00000000d2b80000, 0x00000000d5e00000)
  object space 1328640K, 83% used [0x0000000081a00000,0x00000000c5bb93e0,0x00000000d2b80000)
 Metaspace       used 433295K, capacity 471117K, committed 471500K, reserved 1460224K
  class space    used 52422K, capacity 61523K, committed 61696K, reserved 1048576K
GC Heap History (10 events):
Event: 11426.270 GC heap before
{Heap before GC invocations=207 (full 10):
 PSYoungGen      total 559616K, used 475720K [0x00000000d5e00000, 0x00000000fec80000, 0x0000000100000000)
  eden space 442880K, 99% used [0x00000000d5e00000,0x00000000f0d8c618,0x00000000f0e80000)
  from space 116736K, 28% used [0x00000000f7a80000,0x00000000f9b85d08,0x00000000fec80000)
  to   space 110592K, 0% used [0x00000000f0e80000,0x00000000f0e80000,0x00000000f7a80000)
 ParOldGen       total 1328640K, used 1091228K [0x0000000081a00000, 0x00000000d2b80000, 0x00000000d5e00000)
  object space 1328640K, 82% used [0x0000000081a00000,0x00000000c43a72a8,0x00000000d2b80000)
 Metaspace       used 381628K, capacity 414027K, committed 415052K, reserved 1411072K
  class space    used 45531K, capacity 53326K, committed 53888K, reserved 1048576K
Event: 11426.350 GC heap after
Heap after GC invocations=207 (full 10):
 PSYoungGen      total 553472K, used 14231K [0x00000000d5e00000, 0x00000000fee00000, 0x0000000100000000)
  eden space 442880K, 0% used [0x00000000d5e00000,0x00000000d5e00000,0x00000000f0e80000)
  from space 110592K, 12% used [0x00000000f0e80000,0x00000000f1c65ea0,0x00000000f7a80000)
  to   space 104448K, 0% used [0x00000000f8800000,0x00000000f8800000,0x00000000fee00000)
 ParOldGen       total 1328640K, used 1096354K [0x0000000081a00000, 0x00000000d2b80000, 0x00000000d5e00000)
  object space 1328640K, 82% used [0x0000000081a00000,0x00000000c48a8870,0x00000000d2b80000)
 Metaspace       used 381628K, capacity 414027K, committed 415052K, reserved 1411072K
  class space    used 45531K, capacity 53326K, committed 53888K, reserved 1048576K
}
Event: 11476.999 GC heap before
{Heap before GC invocations=208 (full 10):
 PSYoungGen      total 553472K, used 457111K [0x00000000d5e00000, 0x00000000fee00000, 0x0000000100000000)
  eden space 442880K, 100% used [0x00000000d5e00000,0x00000000f0e80000,0x00000000f0e80000)
  from space 110592K, 12% used [0x00000000f0e80000,0x00000000f1c65ea0,0x00000000f7a80000)
  to   space 104448K, 0% used [0x00000000f8800000,0x00000000f8800000,0x00000000fee00000)
 ParOldGen       total 1328640K, used 1096354K [0x0000000081a00000, 0x00000000d2b80000, 0x00000000d5e00000)
  object space 1328640K, 82% used [0x0000000081a00000,0x00000000c48a8870,0x00000000d2b80000)
 Metaspace       used 381846K, capacity 414431K, committed 415436K, reserved 1411072K
  class space    used 45569K, capacity 53434K, committed 54016K, reserved 1048576K
Event: 11477.032 GC heap after
Heap after GC invocations=208 (full 10):
 PSYoungGen      total 572416K, used 8397K [0x00000000d5e00000, 0x00000000ff000000, 0x0000000100000000)
  eden space 467968K, 0% used [0x00000000d5e00000,0x00000000d5e00000,0x00000000f2700000)
  from space 104448K, 8% used [0x00000000f8800000,0x00000000f90335c8,0x00000000fee00000)
  to   space 99328K, 0% used [0x00000000f2700000,0x00000000f2700000,0x00000000f8800000)
 ParOldGen       total 1328640K, used 1096518K [0x0000000081a00000, 0x00000000d2b80000, 0x00000000d5e00000)
  object space 1328640K, 82% used [0x0000000081a00000,0x00000000c48d18a0,0x00000000d2b80000)
 Metaspace       used 381846K, capacity 414431K, committed 415436K, reserved 1411072K
  class space    used 45569K, capacity 53434K, committed 54016K, reserved 1048576K
}
Event: 11790.801 GC heap before
{Heap before GC invocations=209 (full 10):
 PSYoungGen      total 572416K, used 476365K [0x00000000d5e00000, 0x00000000ff000000, 0x0000000100000000)
  eden space 467968K, 100% used [0x00000000d5e00000,0x00000000f2700000,0x00000000f2700000)
  from space 104448K, 8% used [0x00000000f8800000,0x00000000f90335c8,0x00000000fee00000)
  to   space 99328K, 0% used [0x00000000f2700000,0x00000000f2700000,0x00000000f8800000)
 ParOldGen       total 1328640K, used 1096518K [0x0000000081a00000, 0x00000000d2b80000, 0x00000000d5e00000)
  object space 1328640K, 82% used [0x0000000081a00000,0x00000000c48d18a0,0x00000000d2b80000)
 Metaspace       used 392649K, capacity 426015K, committed 426700K, reserved 1421312K
  class space    used 47026K, capacity 55086K, committed 55552K, reserved 1048576K
Event: 11791.080 GC heap after
Heap after GC invocations=209 (full 10):
 PSYoungGen      total 567296K, used 28921K [0x00000000d5e00000, 0x00000000ff000000, 0x0000000100000000)
  eden space 467968K, 0% used [0x00000000d5e00000,0x00000000d5e00000,0x00000000f2700000)
  from space 99328K, 29% used [0x00000000f2700000,0x00000000f433e798,0x00000000f8800000)
  to   space 93696K, 0% used [0x00000000f9480000,0x00000000f9480000,0x00000000ff000000)
 ParOldGen       total 1328640K, used 1097651K [0x0000000081a00000, 0x00000000d2b80000, 0x00000000d5e00000)
  object space 1328640K, 82% used [0x0000000081a00000,0x00000000c49ecde8,0x00000000d2b80000)
 Metaspace       used 392649K, capacity 426015K, committed 426700K, reserved 1421312K
  class space    used 47026K, capacity 55086K, committed 55552K, reserved 1048576K
}
Event: 11834.299 GC heap before
{Heap before GC invocations=210 (full 10):
 PSYoungGen      total 567296K, used 496889K [0x00000000d5e00000, 0x00000000ff000000, 0x0000000100000000)
  eden space 467968K, 100% used [0x00000000d5e00000,0x00000000f2700000,0x00000000f2700000)
  from space 99328K, 29% used [0x00000000f2700000,0x00000000f433e798,0x00000000f8800000)
  to   space 93696K, 0% used [0x00000000f9480000,0x00000000f9480000,0x00000000ff000000)
 ParOldGen       total 1328640K, used 1097651K [0x0000000081a00000, 0x00000000d2b80000, 0x00000000d5e00000)
  object space 1328640K, 82% used [0x0000000081a00000,0x00000000c49ecde8,0x00000000d2b80000)
 Metaspace       used 405379K, capacity 440031K, committed 440524K, reserved 1433600K
  class space    used 48585K, capacity 56962K, committed 57344K, reserved 1048576K
Event: 11834.383 GC heap after
Heap after GC invocations=210 (full 10):
 PSYoungGen      total 584192K, used 23150K [0x00000000d5e00000, 0x00000000fed80000, 0x0000000100000000)
  eden space 493056K, 0% used [0x00000000d5e00000,0x00000000d5e00000,0x00000000f3f80000)
  from space 91136K, 25% used [0x00000000f9480000,0x00000000fab1b888,0x00000000fed80000)
  to   space 87040K, 0% used [0x00000000f3f80000,0x00000000f3f80000,0x00000000f9480000)
 ParOldGen       total 1328640K, used 1107511K [0x0000000081a00000, 0x00000000d2b80000, 0x00000000d5e00000)
  object space 1328640K, 83% used [0x0000000081a00000,0x00000000c538dc68,0x00000000d2b80000)
 Metaspace       used 405379K, capacity 440031K, committed 440524K, reserved 1433600K
  class space    used 48585K, capacity 56962K, committed 57344K, reserved 1048576K
}
Event: 11891.237 GC heap before
{Heap before GC invocations=211 (full 10):
 PSYoungGen      total 584192K, used 516206K [0x00000000d5e00000, 0x00000000fed80000, 0x0000000100000000)
  eden space 493056K, 100% used [0x00000000d5e00000,0x00000000f3f80000,0x00000000f3f80000)
  from space 91136K, 25% used [0x00000000f9480000,0x00000000fab1b888,0x00000000fed80000)
  to   space 87040K, 0% used [0x00000000f3f80000,0x00000000f3f80000,0x00000000f9480000)
 ParOldGen       total 1328640K, used 1107511K [0x0000000081a00000, 0x00000000d2b80000, 0x00000000d5e00000)
  object space 1328640K, 83% used [0x0000000081a00000,0x00000000c538dc68,0x00000000d2b80000)
 Metaspace       used 419537K, capacity 455597K, committed 455884K, reserved 1445888K
  class space    used 50444K, capacity 59115K, committed 59392K, reserved 1048576K
Event: 11891.425 GC heap after
Heap after GC invocations=211 (full 10):
 PSYoungGen      total 580096K, used 24980K [0x00000000d5e00000, 0x00000000ff000000, 0x0000000100000000)
  eden space 493056K, 0% used [0x00000000d5e00000,0x00000000d5e00000,0x00000000f3f80000)
  from space 87040K, 28% used [0x00000000f3f80000,0x00000000f57e5060,0x00000000f9480000)
  to   space 80896K, 0% used [0x00000000fa100000,0x00000000fa100000,0x00000000ff000000)
 ParOldGen       total 1328640K, used 1115876K [0x0000000081a00000, 0x00000000d2b80000, 0x00000000d5e00000)
  object space 1328640K, 83% used [0x0000000081a00000,0x00000000c5bb93e0,0x00000000d2b80000)
 Metaspace       used 419537K, capacity 455597K, committed 455884K, reserved 1445888K
  class space    used 50444K, capacity 59115K, committed 59392K, reserved 1048576K
}

