# JRE version: OpenJDK Runtime Environment (8.0_152-b06) (build 1.8.0_152-release-1136-b06)
# Java VM: OpenJDK 64-Bit Server VM (25.152-b06 mixed mode windows-amd64 compressed oops)
Heap:
 PSYoungGen      total 89088K, used 20515K [0x00000000d5e00000, 0x00000000dd480000, 0x0000000100000000)
  eden space 77824K, 15% used [0x00000000d5e00000,0x00000000d69804d0,0x00000000daa00000)
  from space 11264K, 77% used [0x00000000daa00000,0x00000000db288998,0x00000000db500000)
  to   space 11264K, 0% used [0x00000000dc980000,0x00000000dc980000,0x00000000dd480000)
 ParOldGen       total 97792K, used 17420K [0x0000000081a00000, 0x0000000087980000, 0x00000000d5e00000)
  object space 97792K, 17% used [0x0000000081a00000,0x0000000082b03350,0x0000000087980000)
 Metaspace       used 42310K, capacity 43358K, committed 43608K, reserved 1087488K
  class space    used 5627K, capacity 5972K, committed 6016K, reserved 1048576K
GC Heap History (10 events):
Event: 4.360 GC heap before
{Heap before GC invocations=9 (full 1):
 PSYoungGen      total 70144K, used 66061K [0x00000000d5e00000, 0x00000000dbe00000, 0x0000000100000000)
  eden space 59392K, 100% used [0x00000000d5e00000,0x00000000d9800000,0x00000000d9800000)
  from space 10752K, 62% used [0x00000000d9800000,0x00000000d9e83720,0x00000000da280000)
  to   space 10240K, 0% used [0x00000000db400000,0x00000000db400000,0x00000000dbe00000)
 ParOldGen       total 62976K, used 8754K [0x0000000081a00000, 0x0000000085780000, 0x00000000d5e00000)
  object space 62976K, 13% used [0x0000000081a00000,0x000000008228c860,0x0000000085780000)
 Metaspace       used 32340K, capacity 33184K, committed 33408K, reserved 1077248K
  class space    used 4453K, capacity 4717K, committed 4736K, reserved 1048576K
Event: 4.375 GC heap after
Heap after GC invocations=9 (full 1):
 PSYoungGen      total 69632K, used 10221K [0x00000000d5e00000, 0x00000000dbe00000, 0x0000000100000000)
  eden space 59392K, 0% used [0x00000000d5e00000,0x00000000d5e00000,0x00000000d9800000)
  from space 10240K, 99% used [0x00000000db400000,0x00000000dbdfb4a0,0x00000000dbe00000)
  to   space 10752K, 0% used [0x00000000d9800000,0x00000000d9800000,0x00000000da280000)
 ParOldGen       total 62976K, used 8826K [0x0000000081a00000, 0x0000000085780000, 0x00000000d5e00000)
  object space 62976K, 14% used [0x0000000081a00000,0x000000008229e870,0x0000000085780000)
 Metaspace       used 32340K, capacity 33184K, committed 33408K, reserved 1077248K
  class space    used 4453K, capacity 4717K, committed 4736K, reserved 1048576K
}
Event: 4.908 GC heap before
{Heap before GC invocations=10 (full 1):
 PSYoungGen      total 69632K, used 69613K [0x00000000d5e00000, 0x00000000dbe00000, 0x0000000100000000)
  eden space 59392K, 100% used [0x00000000d5e00000,0x00000000d9800000,0x00000000d9800000)
  from space 10240K, 99% used [0x00000000db400000,0x00000000dbdfb4a0,0x00000000dbe00000)
  to   space 10752K, 0% used [0x00000000d9800000,0x00000000d9800000,0x00000000da280000)
 ParOldGen       total 62976K, used 8826K [0x0000000081a00000, 0x0000000085780000, 0x00000000d5e00000)
  object space 62976K, 14% used [0x0000000081a00000,0x000000008229e870,0x0000000085780000)
 Metaspace       used 32998K, capacity 33862K, committed 34048K, reserved 1079296K
  class space    used 4473K, capacity 4750K, committed 4864K, reserved 1048576K
Event: 4.918 GC heap after
Heap after GC invocations=10 (full 1):
 PSYoungGen      total 70144K, used 8256K [0x00000000d5e00000, 0x00000000dc180000, 0x0000000100000000)
  eden space 59392K, 0% used [0x00000000d5e00000,0x00000000d5e00000,0x00000000d9800000)
  from space 10752K, 76% used [0x00000000d9800000,0x00000000da010020,0x00000000da280000)
  to   space 11776K, 0% used [0x00000000db600000,0x00000000db600000,0x00000000dc180000)
 ParOldGen       total 62976K, used 8834K [0x0000000081a00000, 0x0000000085780000, 0x00000000d5e00000)
  object space 62976K, 14% used [0x0000000081a00000,0x00000000822a0870,0x0000000085780000)
 Metaspace       used 32998K, capacity 33862K, committed 34048K, reserved 1079296K
  class space    used 4473K, capacity 4750K, committed 4864K, reserved 1048576K
}
Event: 5.445 GC heap before
{Heap before GC invocations=11 (full 1):
 PSYoungGen      total 70144K, used 45612K [0x00000000d5e00000, 0x00000000dc180000, 0x0000000100000000)
  eden space 59392K, 62% used [0x00000000d5e00000,0x00000000d827b140,0x00000000d9800000)
  from space 10752K, 76% used [0x00000000d9800000,0x00000000da010020,0x00000000da280000)
  to   space 11776K, 0% used [0x00000000db600000,0x00000000db600000,0x00000000dc180000)
 ParOldGen       total 62976K, used 8834K [0x0000000081a00000, 0x0000000085780000, 0x00000000d5e00000)
  object space 62976K, 14% used [0x0000000081a00000,0x00000000822a0870,0x0000000085780000)
 Metaspace       used 34613K, capacity 35330K, committed 35416K, reserved 1079296K
  class space    used 4696K, capacity 4939K, committed 4992K, reserved 1048576K
Event: 5.452 GC heap after
Heap after GC invocations=11 (full 1):
 PSYoungGen      total 88064K, used 6596K [0x00000000d5e00000, 0x00000000dc000000, 0x0000000100000000)
  eden space 77824K, 0% used [0x00000000d5e00000,0x00000000d5e00000,0x00000000daa00000)
  from space 10240K, 64% used [0x00000000db600000,0x00000000dbc710b8,0x00000000dc000000)
  to   space 11264K, 0% used [0x00000000daa00000,0x00000000daa00000,0x00000000db500000)
 ParOldGen       total 62976K, used 12765K [0x0000000081a00000, 0x0000000085780000, 0x00000000d5e00000)
  object space 62976K, 20% used [0x0000000081a00000,0x0000000082677478,0x0000000085780000)
 Metaspace       used 34613K, capacity 35330K, committed 35416K, reserved 1079296K
  class space    used 4696K, capacity 4939K, committed 4992K, reserved 1048576K
}
Event: 5.452 GC heap before
{Heap before GC invocations=12 (full 2):
 PSYoungGen      total 88064K, used 6596K [0x00000000d5e00000, 0x00000000dc000000, 0x0000000100000000)
  eden space 77824K, 0% used [0x00000000d5e00000,0x00000000d5e00000,0x00000000daa00000)
  from space 10240K, 64% used [0x00000000db600000,0x00000000dbc710b8,0x00000000dc000000)
  to   space 11264K, 0% used [0x00000000daa00000,0x00000000daa00000,0x00000000db500000)
 ParOldGen       total 62976K, used 12765K [0x0000000081a00000, 0x0000000085780000, 0x00000000d5e00000)
  object space 62976K, 20% used [0x0000000081a00000,0x0000000082677478,0x0000000085780000)
 Metaspace       used 34613K, capacity 35330K, committed 35416K, reserved 1079296K
  class space    used 4696K, capacity 4939K, committed 4992K, reserved 1048576K
Event: 5.513 GC heap after
Heap after GC invocations=12 (full 2):
 PSYoungGen      total 88064K, used 0K [0x00000000d5e00000, 0x00000000dc000000, 0x0000000100000000)
  eden space 77824K, 0% used [0x00000000d5e00000,0x00000000d5e00000,0x00000000daa00000)
  from space 10240K, 0% used [0x00000000db600000,0x00000000db600000,0x00000000dc000000)
  to   space 11264K, 0% used [0x00000000daa00000,0x00000000daa00000,0x00000000db500000)
 ParOldGen       total 97792K, used 17412K [0x0000000081a00000, 0x0000000087980000, 0x00000000d5e00000)
  object space 97792K, 17% used [0x0000000081a00000,0x0000000082b01350,0x0000000087980000)
 Metaspace       used 34613K, capacity 35330K, committed 35416K, reserved 1079296K
  class space    used 4696K, capacity 4939K, committed 4992K, reserved 1048576K
}
Event: 6.284 GC heap before
{Heap before GC invocations=13 (full 2):
 PSYoungGen      total 88064K, used 77824K [0x00000000d5e00000, 0x00000000dc000000, 0x0000000100000000)
  eden space 77824K, 100% used [0x00000000d5e00000,0x00000000daa00000,0x00000000daa00000)
  from space 10240K, 0% used [0x00000000db600000,0x00000000db600000,0x00000000dc000000)
  to   space 11264K, 0% used [0x00000000daa00000,0x00000000daa00000,0x00000000db500000)
 ParOldGen       total 97792K, used 17412K [0x0000000081a00000, 0x0000000087980000, 0x00000000d5e00000)
  object space 97792K, 17% used [0x0000000081a00000,0x0000000082b01350,0x0000000087980000)
 Metaspace       used 41871K, capacity 42904K, committed 43096K, reserved 1087488K
  class space    used 5571K, capacity 5907K, committed 6016K, reserved 1048576K
Event: 6.291 GC heap after
Heap after GC invocations=13 (full 2):
 PSYoungGen      total 89088K, used 8738K [0x00000000d5e00000, 0x00000000dd480000, 0x0000000100000000)
  eden space 77824K, 0% used [0x00000000d5e00000,0x00000000d5e00000,0x00000000daa00000)
  from space 11264K, 77% used [0x00000000daa00000,0x00000000db288998,0x00000000db500000)
  to   space 11264K, 0% used [0x00000000dc980000,0x00000000dc980000,0x00000000dd480000)
 ParOldGen       total 97792K, used 17420K [0x0000000081a00000, 0x0000000087980000, 0x00000000d5e00000)
  object space 97792K, 17% used [0x0000000081a00000,0x0000000082b03350,0x0000000087980000)
 Metaspace       used 41871K, capacity 42904K, committed 43096K, reserved 1087488K
  class space    used 5571K, capacity 5907K, committed 6016K, reserved 1048576K
}

