# JRE version: Java(TM) SE Runtime Environment (8.0_131-b11) (build 1.8.0_131-b11)
# Java VM: Java HotSpot(TM) 64-Bit Server VM (25.131-b11 mixed mode windows-amd64 compressed oops)
Heap:
 PSYoungGen      total 108544K, used 8851K [0x00000000d5e00000, 0x00000000dd800000, 0x0000000100000000)
  eden space 96256K, 0% used [0x00000000d5e00000,0x00000000d5e00000,0x00000000dbc00000)
  from space 12288K, 72% used [0x00000000dbc00000,0x00000000dc4a4ea0,0x00000000dc800000)
  to   space 11264K, 0% used [0x00000000dc800000,0x00000000dc800000,0x00000000dd300000)
 ParOldGen       total 66048K, used 12233K [0x0000000081a00000, 0x0000000085a80000, 0x00000000d5e00000)
  object space 66048K, 18% used [0x0000000081a00000,0x00000000825f24f8,0x0000000085a80000)
 Metaspace       used 34829K, capacity 35210K, committed 35416K, reserved 1081344K
  class space    used 4737K, capacity 4878K, committed 4952K, reserved 1048576K
GC Heap History (10 events):
Event: 2.394 GC heap after
Heap after GC invocations=4 (full 0):
 PSYoungGen      total 71680K, used 5112K [0x00000000d5e00000, 0x00000000da900000, 0x0000000100000000)
  eden space 66560K, 0% used [0x00000000d5e00000,0x00000000d5e00000,0x00000000d9f00000)
  from space 5120K, 99% used [0x00000000da400000,0x00000000da8fe040,0x00000000da900000)
  to   space 5120K, 0% used [0x00000000d9f00000,0x00000000d9f00000,0x00000000da400000)
 ParOldGen       total 87552K, used 8180K [0x0000000081a00000, 0x0000000086f80000, 0x00000000d5e00000)
  object space 87552K, 9% used [0x0000000081a00000,0x00000000821fd3f8,0x0000000086f80000)
 Metaspace       used 20787K, capacity 21128K, committed 21248K, reserved 1067008K
  class space    used 2886K, capacity 3012K, committed 3072K, reserved 1048576K
}
Event: 2.394 GC heap before
{Heap before GC invocations=5 (full 1):
 PSYoungGen      total 71680K, used 5112K [0x00000000d5e00000, 0x00000000da900000, 0x0000000100000000)
  eden space 66560K, 0% used [0x00000000d5e00000,0x00000000d5e00000,0x00000000d9f00000)
  from space 5120K, 99% used [0x00000000da400000,0x00000000da8fe040,0x00000000da900000)
  to   space 5120K, 0% used [0x00000000d9f00000,0x00000000d9f00000,0x00000000da400000)
 ParOldGen       total 87552K, used 8180K [0x0000000081a00000, 0x0000000086f80000, 0x00000000d5e00000)
  object space 87552K, 9% used [0x0000000081a00000,0x00000000821fd3f8,0x0000000086f80000)
 Metaspace       used 20787K, capacity 21128K, committed 21248K, reserved 1067008K
  class space    used 2886K, capacity 3012K, committed 3072K, reserved 1048576K
Event: 2.428 GC heap after
Heap after GC invocations=5 (full 1):
 PSYoungGen      total 71680K, used 0K [0x00000000d5e00000, 0x00000000da900000, 0x0000000100000000)
  eden space 66560K, 0% used [0x00000000d5e00000,0x00000000d5e00000,0x00000000d9f00000)
  from space 5120K, 0% used [0x00000000da400000,0x00000000da400000,0x00000000da900000)
  to   space 5120K, 0% used [0x00000000d9f00000,0x00000000d9f00000,0x00000000da400000)
 ParOldGen       total 66048K, used 8971K [0x0000000081a00000, 0x0000000085a80000, 0x00000000d5e00000)
  object space 66048K, 13% used [0x0000000081a00000,0x00000000822c2c98,0x0000000085a80000)
 Metaspace       used 20787K, capacity 21128K, committed 21248K, reserved 1067008K
  class space    used 2886K, capacity 3012K, committed 3072K, reserved 1048576K
}
Event: 3.746 GC heap before
{Heap before GC invocations=6 (full 1):
 PSYoungGen      total 71680K, used 66560K [0x00000000d5e00000, 0x00000000da900000, 0x0000000100000000)
  eden space 66560K, 100% used [0x00000000d5e00000,0x00000000d9f00000,0x00000000d9f00000)
  from space 5120K, 0% used [0x00000000da400000,0x00000000da400000,0x00000000da900000)
  to   space 5120K, 0% used [0x00000000d9f00000,0x00000000d9f00000,0x00000000da400000)
 ParOldGen       total 66048K, used 8971K [0x0000000081a00000, 0x0000000085a80000, 0x00000000d5e00000)
  object space 66048K, 13% used [0x0000000081a00000,0x00000000822c2c98,0x0000000085a80000)
 Metaspace       used 28308K, capacity 28764K, committed 29056K, reserved 1075200K
  class space    used 3779K, capacity 3932K, committed 3968K, reserved 1048576K
Event: 3.763 GC heap after
Heap after GC invocations=6 (full 1):
 PSYoungGen      total 71680K, used 5089K [0x00000000d5e00000, 0x00000000dd300000, 0x0000000100000000)
  eden space 66560K, 0% used [0x00000000d5e00000,0x00000000d5e00000,0x00000000d9f00000)
  from space 5120K, 99% used [0x00000000d9f00000,0x00000000da3f8790,0x00000000da400000)
  to   space 11264K, 0% used [0x00000000dc800000,0x00000000dc800000,0x00000000dd300000)
 ParOldGen       total 66048K, used 12198K [0x0000000081a00000, 0x0000000085a80000, 0x00000000d5e00000)
  object space 66048K, 18% used [0x0000000081a00000,0x00000000825e98a8,0x0000000085a80000)
 Metaspace       used 28308K, capacity 28764K, committed 29056K, reserved 1075200K
  class space    used 3779K, capacity 3932K, committed 3968K, reserved 1048576K
}
Event: 4.862 GC heap before
{Heap before GC invocations=7 (full 1):
 PSYoungGen      total 71680K, used 71649K [0x00000000d5e00000, 0x00000000dd300000, 0x0000000100000000)
  eden space 66560K, 100% used [0x00000000d5e00000,0x00000000d9f00000,0x00000000d9f00000)
  from space 5120K, 99% used [0x00000000d9f00000,0x00000000da3f8790,0x00000000da400000)
  to   space 11264K, 0% used [0x00000000dc800000,0x00000000dc800000,0x00000000dd300000)
 ParOldGen       total 66048K, used 12198K [0x0000000081a00000, 0x0000000085a80000, 0x00000000d5e00000)
  object space 66048K, 18% used [0x0000000081a00000,0x00000000825e98a8,0x0000000085a80000)
 Metaspace       used 33247K, capacity 33752K, committed 33920K, reserved 1079296K
  class space    used 4554K, capacity 4715K, committed 4736K, reserved 1048576K
Event: 4.886 GC heap after
Heap after GC invocations=7 (full 1):
 PSYoungGen      total 107520K, used 9986K [0x00000000d5e00000, 0x00000000dd800000, 0x0000000100000000)
  eden space 96256K, 0% used [0x00000000d5e00000,0x00000000d5e00000,0x00000000dbc00000)
  from space 11264K, 88% used [0x00000000dc800000,0x00000000dd1c0b50,0x00000000dd300000)
  to   space 12288K, 0% used [0x00000000dbc00000,0x00000000dbc00000,0x00000000dc800000)
 ParOldGen       total 66048K, used 12206K [0x0000000081a00000, 0x0000000085a80000, 0x00000000d5e00000)
  object space 66048K, 18% used [0x0000000081a00000,0x00000000825eb8a8,0x0000000085a80000)
 Metaspace       used 33247K, capacity 33752K, committed 33920K, reserved 1079296K
  class space    used 4554K, capacity 4715K, committed 4736K, reserved 1048576K
}
Event: 5.390 GC heap before
{Heap before GC invocations=8 (full 1):
 PSYoungGen      total 107520K, used 26633K [0x00000000d5e00000, 0x00000000dd800000, 0x0000000100000000)
  eden space 96256K, 17% used [0x00000000d5e00000,0x00000000d6e419d0,0x00000000dbc00000)
  from space 11264K, 88% used [0x00000000dc800000,0x00000000dd1c0b50,0x00000000dd300000)
  to   space 12288K, 0% used [0x00000000dbc00000,0x00000000dbc00000,0x00000000dc800000)
 ParOldGen       total 66048K, used 12206K [0x0000000081a00000, 0x0000000085a80000, 0x00000000d5e00000)
  object space 66048K, 18% used [0x0000000081a00000,0x00000000825eb8a8,0x0000000085a80000)
 Metaspace       used 34829K, capacity 35210K, committed 35416K, reserved 1081344K
  class space    used 4737K, capacity 4878K, committed 4952K, reserved 1048576K
Event: 5.401 GC heap after
Heap after GC invocations=8 (full 1):
 PSYoungGen      total 108544K, used 8851K [0x00000000d5e00000, 0x00000000dd800000, 0x0000000100000000)
  eden space 96256K, 0% used [0x00000000d5e00000,0x00000000d5e00000,0x00000000dbc00000)
  from space 12288K, 72% used [0x00000000dbc00000,0x00000000dc4a4ea0,0x00000000dc800000)
  to   space 11264K, 0% used [0x00000000dc800000,0x00000000dc800000,0x00000000dd300000)
 ParOldGen       total 66048K, used 12233K [0x0000000081a00000, 0x0000000085a80000, 0x00000000d5e00000)
  object space 66048K, 18% used [0x0000000081a00000,0x00000000825f24f8,0x0000000085a80000)
 Metaspace       used 34829K, capacity 35210K, committed 35416K, reserved 1081344K
  class space    used 4737K, capacity 4878K, committed 4952K, reserved 1048576K
}
Event: 5.402 GC heap before
{Heap before GC invocations=9 (full 2):
 PSYoungGen      total 108544K, used 8851K [0x00000000d5e00000, 0x00000000dd800000, 0x0000000100000000)
  eden space 96256K, 0% used [0x00000000d5e00000,0x00000000d5e00000,0x00000000dbc00000)
  from space 12288K, 72% used [0x00000000dbc00000,0x00000000dc4a4ea0,0x00000000dc800000)
  to   space 11264K, 0% used [0x00000000dc800000,0x00000000dc800000,0x00000000dd300000)
 ParOldGen       total 66048K, used 12233K [0x0000000081a00000, 0x0000000085a80000, 0x00000000d5e00000)
  object space 66048K, 18% used [0x0000000081a00000,0x00000000825f24f8,0x0000000085a80000)
 Metaspace       used 34829K, capacity 35210K, committed 35416K, reserved 1081344K
  class space    used 4737K, capacity 4878K, committed 4952K, reserved 1048576K

