# JRE version: OpenJDK Runtime Environment (8.0_152-b06) (build 1.8.0_152-release-1136-b06)
# Java VM: OpenJDK 64-Bit Server VM (25.152-b06 mixed mode windows-amd64 compressed oops)
Heap:
 PSYoungGen      total 94720K, used 11243K [0x00000000d5e00000, 0x00000000dc500000, 0x0000000100000000)
  eden space 84992K, 5% used [0x00000000d5e00000,0x00000000d62f4b88,0x00000000db100000)
  from space 9728K, 63% used [0x00000000dbb80000,0x00000000dc186138,0x00000000dc500000)
  to   space 10240K, 0% used [0x00000000db100000,0x00000000db100000,0x00000000dbb00000)
 ParOldGen       total 99840K, used 17254K [0x0000000081a00000, 0x0000000087b80000, 0x00000000d5e00000)
  object space 99840K, 17% used [0x0000000081a00000,0x0000000082ad99e8,0x0000000087b80000)
 Metaspace       used 41010K, capacity 41976K, committed 42200K, reserved 1085440K
  class space    used 5476K, capacity 5811K, committed 5888K, reserved 1048576K
GC Heap History (10 events):
Event: 3.993 GC heap before
{Heap before GC invocations=8 (full 1):
 PSYoungGen      total 71680K, used 71676K [0x00000000d5e00000, 0x00000000da900000, 0x0000000100000000)
  eden space 66560K, 100% used [0x00000000d5e00000,0x00000000d9f00000,0x00000000d9f00000)
  from space 5120K, 99% used [0x00000000da400000,0x00000000da8ff0e0,0x00000000da900000)
  to   space 5120K, 0% used [0x00000000d9f00000,0x00000000d9f00000,0x00000000da400000)
 ParOldGen       total 63488K, used 10346K [0x0000000081a00000, 0x0000000085800000, 0x00000000d5e00000)
  object space 63488K, 16% used [0x0000000081a00000,0x000000008241a958,0x0000000085800000)
 Metaspace       used 30425K, capacity 31232K, committed 31488K, reserved 1077248K
  class space    used 4233K, capacity 4493K, committed 4608K, reserved 1048576K
Event: 4.003 GC heap after
Heap after GC invocations=8 (full 1):
 PSYoungGen      total 71680K, used 5088K [0x00000000d5e00000, 0x00000000da900000, 0x0000000100000000)
  eden space 66560K, 0% used [0x00000000d5e00000,0x00000000d5e00000,0x00000000d9f00000)
  from space 5120K, 99% used [0x00000000d9f00000,0x00000000da3f8020,0x00000000da400000)
  to   space 5120K, 0% used [0x00000000da400000,0x00000000da400000,0x00000000da900000)
 ParOldGen       total 63488K, used 15011K [0x0000000081a00000, 0x0000000085800000, 0x00000000d5e00000)
  object space 63488K, 23% used [0x0000000081a00000,0x00000000828a8d80,0x0000000085800000)
 Metaspace       used 30425K, capacity 31232K, committed 31488K, reserved 1077248K
  class space    used 4233K, capacity 4493K, committed 4608K, reserved 1048576K
}
Event: 4.666 GC heap before
{Heap before GC invocations=9 (full 1):
 PSYoungGen      total 71680K, used 71648K [0x00000000d5e00000, 0x00000000da900000, 0x0000000100000000)
  eden space 66560K, 100% used [0x00000000d5e00000,0x00000000d9f00000,0x00000000d9f00000)
  from space 5120K, 99% used [0x00000000d9f00000,0x00000000da3f8020,0x00000000da400000)
  to   space 5120K, 0% used [0x00000000da400000,0x00000000da400000,0x00000000da900000)
 ParOldGen       total 63488K, used 15011K [0x0000000081a00000, 0x0000000085800000, 0x00000000d5e00000)
  object space 63488K, 23% used [0x0000000081a00000,0x00000000828a8d80,0x0000000085800000)
 Metaspace       used 33049K, capacity 33862K, committed 34048K, reserved 1079296K
  class space    used 4483K, capacity 4750K, committed 4864K, reserved 1048576K
Event: 4.680 GC heap after
Heap after GC invocations=9 (full 1):
 PSYoungGen      total 71680K, used 5120K [0x00000000d5e00000, 0x00000000da900000, 0x0000000100000000)
  eden space 66560K, 0% used [0x00000000d5e00000,0x00000000d5e00000,0x00000000d9f00000)
  from space 5120K, 100% used [0x00000000da400000,0x00000000da900000,0x00000000da900000)
  to   space 5120K, 0% used [0x00000000d9f00000,0x00000000d9f00000,0x00000000da400000)
 ParOldGen       total 63488K, used 17314K [0x0000000081a00000, 0x0000000085800000, 0x00000000d5e00000)
  object space 63488K, 27% used [0x0000000081a00000,0x0000000082ae8828,0x0000000085800000)
 Metaspace       used 33049K, capacity 33862K, committed 34048K, reserved 1079296K
  class space    used 4483K, capacity 4750K, committed 4864K, reserved 1048576K
}
Event: 5.445 GC heap before
{Heap before GC invocations=10 (full 1):
 PSYoungGen      total 71680K, used 45066K [0x00000000d5e00000, 0x00000000da900000, 0x0000000100000000)
  eden space 66560K, 60% used [0x00000000d5e00000,0x00000000d8502890,0x00000000d9f00000)
  from space 5120K, 100% used [0x00000000da400000,0x00000000da900000,0x00000000da900000)
  to   space 5120K, 0% used [0x00000000d9f00000,0x00000000d9f00000,0x00000000da400000)
 ParOldGen       total 63488K, used 17314K [0x0000000081a00000, 0x0000000085800000, 0x00000000d5e00000)
  object space 63488K, 27% used [0x0000000081a00000,0x0000000082ae8828,0x0000000085800000)
 Metaspace       used 34528K, capacity 35330K, committed 35416K, reserved 1079296K
  class space    used 4687K, capacity 4939K, committed 4992K, reserved 1048576K
Event: 5.453 GC heap after
Heap after GC invocations=10 (full 1):
 PSYoungGen      total 71680K, used 5120K [0x00000000d5e00000, 0x00000000dc600000, 0x0000000100000000)
  eden space 66560K, 0% used [0x00000000d5e00000,0x00000000d5e00000,0x00000000d9f00000)
  from space 5120K, 100% used [0x00000000d9f00000,0x00000000da400000,0x00000000da400000)
  to   space 10752K, 0% used [0x00000000dbb80000,0x00000000dbb80000,0x00000000dc600000)
 ParOldGen       total 63488K, used 20098K [0x0000000081a00000, 0x0000000085800000, 0x00000000d5e00000)
  object space 63488K, 31% used [0x0000000081a00000,0x0000000082da0ac0,0x0000000085800000)
 Metaspace       used 34528K, capacity 35330K, committed 35416K, reserved 1079296K
  class space    used 4687K, capacity 4939K, committed 4992K, reserved 1048576K
}
Event: 5.453 GC heap before
{Heap before GC invocations=11 (full 2):
 PSYoungGen      total 71680K, used 5120K [0x00000000d5e00000, 0x00000000dc600000, 0x0000000100000000)
  eden space 66560K, 0% used [0x00000000d5e00000,0x00000000d5e00000,0x00000000d9f00000)
  from space 5120K, 100% used [0x00000000d9f00000,0x00000000da400000,0x00000000da400000)
  to   space 10752K, 0% used [0x00000000dbb80000,0x00000000dbb80000,0x00000000dc600000)
 ParOldGen       total 63488K, used 20098K [0x0000000081a00000, 0x0000000085800000, 0x00000000d5e00000)
  object space 63488K, 31% used [0x0000000081a00000,0x0000000082da0ac0,0x0000000085800000)
 Metaspace       used 34528K, capacity 35330K, committed 35416K, reserved 1079296K
  class space    used 4687K, capacity 4939K, committed 4992K, reserved 1048576K
Event: 5.511 GC heap after
Heap after GC invocations=11 (full 2):
 PSYoungGen      total 71680K, used 0K [0x00000000d5e00000, 0x00000000dc600000, 0x0000000100000000)
  eden space 66560K, 0% used [0x00000000d5e00000,0x00000000d5e00000,0x00000000d9f00000)
  from space 5120K, 0% used [0x00000000d9f00000,0x00000000d9f00000,0x00000000da400000)
  to   space 10752K, 0% used [0x00000000dbb80000,0x00000000dbb80000,0x00000000dc600000)
 ParOldGen       total 99840K, used 17246K [0x0000000081a00000, 0x0000000087b80000, 0x00000000d5e00000)
  object space 99840K, 17% used [0x0000000081a00000,0x0000000082ad79e8,0x0000000087b80000)
 Metaspace       used 34528K, capacity 35330K, committed 35416K, reserved 1079296K
  class space    used 4687K, capacity 4939K, committed 4992K, reserved 1048576K
}
Event: 6.062 GC heap before
{Heap before GC invocations=12 (full 2):
 PSYoungGen      total 71680K, used 66560K [0x00000000d5e00000, 0x00000000dc600000, 0x0000000100000000)
  eden space 66560K, 100% used [0x00000000d5e00000,0x00000000d9f00000,0x00000000d9f00000)
  from space 5120K, 0% used [0x00000000d9f00000,0x00000000d9f00000,0x00000000da400000)
  to   space 10752K, 0% used [0x00000000dbb80000,0x00000000dbb80000,0x00000000dc600000)
 ParOldGen       total 99840K, used 17246K [0x0000000081a00000, 0x0000000087b80000, 0x00000000d5e00000)
  object space 99840K, 17% used [0x0000000081a00000,0x0000000082ad79e8,0x0000000087b80000)
 Metaspace       used 40539K, capacity 41466K, committed 41560K, reserved 1085440K
  class space    used 5409K, capacity 5708K, committed 5760K, reserved 1048576K
Event: 6.073 GC heap after
Heap after GC invocations=12 (full 2):
 PSYoungGen      total 94720K, used 6168K [0x00000000d5e00000, 0x00000000dc500000, 0x0000000100000000)
  eden space 84992K, 0% used [0x00000000d5e00000,0x00000000d5e00000,0x00000000db100000)
  from space 9728K, 63% used [0x00000000dbb80000,0x00000000dc186138,0x00000000dc500000)
  to   space 10240K, 0% used [0x00000000db100000,0x00000000db100000,0x00000000dbb00000)
 ParOldGen       total 99840K, used 17254K [0x0000000081a00000, 0x0000000087b80000, 0x00000000d5e00000)
  object space 99840K, 17% used [0x0000000081a00000,0x0000000082ad99e8,0x0000000087b80000)
 Metaspace       used 40539K, capacity 41466K, committed 41560K, reserved 1085440K
  class space    used 5409K, capacity 5708K, committed 5760K, reserved 1048576K
}

